Save database : Modification by user
Save repository element : psa_db : Modification by user
Save repository element : dynamic_postgres_source_db : Creation of initial version
Save repository element : odms_opr_db : Creation of initial version
Rename job : Renamed from jb_psa_delete_marked_rowscustom to jb_psa_delete_marked_rows-custom
Save database : Modification by user
Save repository element : dynamic_postgres_target_db : Modification by user
Save database : Modification by user
Save repository element : generic_source_db : Modification by user
Save database : Modification by user
Save repository element : generic_source_db : Modification by user
Save repository element : generic_target_db : Creation of initial version
Save database : Modification by user
Save repository element : psa_db : Modification by user
Save database : Modification by user
Save repository element : psa_db : Modification by user
Save database : Modification by user
Save repository element : generic_target_db : Modification by user
Save database : Modification by user
Save repository element : generic_source_db : Modification by user
Save database : Modification by user
Save repository element : generic_source_db : Modification by user
Save database : Modification by user
Save repository element : generic_source_db : Modification by user
Save database : Modification by user
Save repository element : obo_opr_db : Modification by user
Save database : Modification by user
Save repository element : generic_source_db : Modification by user
Save database : Modification by user
Save repository element : generic_source_db : Modification by user
Save database : Modification by user
Save repository element : dma_source_db : Modification by user
Save database : Modification by user
Save repository element : dsa_db : Modification by user
Save database : Modification by user
Save repository element : dsa_db : Modification by user
Save database : Modification by user
Save repository element : obo_opr_db : Modification by user
Save database : Modification by user
Save repository element : mon_opr_db : Modification by user
Rename transformation : Renamed from tr_rename_test to tr_rename_test_2
Rename transformation : Renamed from tr_rename_test_2 to tr_rename_test_3
Save repository element : etl_demo_obo_db : Creation of initial version
Save repository element : etl_demo_target_db : Creation of initial version
Rename transformation : Renamed from tr_etl_demo to tr_etl_demo_1
Rename job : Renamed from jb_etl_demo to jb_etl_demo_1
Rename transformation : Renamed from Transformation 1 to tr_etl_demo
